<?xml version="1.0" encoding="UTF-8"?>
<testng-results ignored="0" total="1" passed="1" failed="0" skipped="0">
  <reporter-output>
  </reporter-output>
  <suite started-at="2024-08-20T02:09:09 PDT" name="Default suite" finished-at="2024-08-20T02:09:22 PDT" duration-ms="12842">
    <groups>
    </groups>
    <test started-at="2024-08-20T02:09:09 PDT" name="Default test" finished-at="2024-08-20T02:09:22 PDT" duration-ms="12842">
      <class name="com.browsercom.TestBrowserCommands">
        <test-method signature="BroswerCommandTest()[pri:0, instance:com.browsercom.TestBrowserCommands@54a7079e]" started-at="2024-08-20T02:09:10 PDT" name="BroswerCommandTest" finished-at="2024-08-20T02:09:22 PDT" duration-ms="12730" status="PASS">
          <reporter-output>
          </reporter-output>
        </test-method> <!-- BroswerCommandTest -->
      </class> <!-- com.browsercom.TestBrowserCommands -->
    </test> <!-- Default test -->
  </suite> <!-- Default suite -->
</testng-results>
